<?xml version="1.0" encoding="UTF-8"?>
<!-- Generated by org.testng.reporters.JUnitReportReporter -->
<testsuite skipped="0" hostname="BLRIDC52015533" name="testRunner.Pharma_PfizerRunner" tests="1" failures="0" timestamp="24 Mar 2021 14:26:21 GMT" time="183.092" errors="0">
  <testcase name="feature" time="183.092" classname="testRunner.Pharma_PfizerRunner"/>
</testsuite> <!-- testRunner.Pharma_PfizerRunner -->
