<?xml version="1.0" encoding="UTF-8"?>
<!-- Generated by org.testng.reporters.JUnitReportReporter -->
<testsuite hostname="BLRIDC52027059" name="testRunner.Runner2" tests="1" failures="0" timestamp="21 Sep 2018 05:59:27 GMT" time="41.668" errors="0">
  <testcase name="feature" time="41.668" classname="testRunner.Runner2"/>
</testsuite> <!-- testRunner.Runner2 -->
